<?xml version="1.0" encoding="UTF-8"?>
<!-- Generated by org.testng.reporters.JUnitReportReporter -->
<testsuite hostname="LAPTOP-KFK3ABT0" failures="0" tests="1" name="ui.RedBusCalendarTest" time="11.289" errors="0" timestamp="18 Mar 2024 06:10:43 GMT">
  <testcase classname="ui.RedBusCalendarTest" name="calendarTest" time="11.289"/>
</testsuite> <!-- ui.RedBusCalendarTest -->
